INFO 2025-06-28 09:00:19,979 autoreload 14790 129861413250880 Watching for file changes with StatReloader
INFO 2025-06-28 09:07:51,805 autoreload 14790 129861413250880 /home/copift/PycharmProjects/BibliographicSystem/BibliographicSystem/views.py changed, reloading.
INFO 2025-06-28 09:07:52,604 autoreload 15166 132464972195648 Watching for file changes with StatReloader
INFO 2025-06-28 09:12:14,368 autoreload 15166 132464972195648 /home/copift/PycharmProjects/BibliographicSystem/BibliographicSystem/views.py changed, reloading.
INFO 2025-06-28 09:12:14,924 autoreload 15460 134977852589888 Watching for file changes with StatReloader
INFO 2025-06-28 09:12:19,173 autoreload 15460 134977852589888 /home/copift/PycharmProjects/BibliographicSystem/BibliographicSystem/views.py changed, reloading.
INFO 2025-06-28 09:12:19,835 autoreload 15473 123377731688256 Watching for file changes with StatReloader
INFO 2025-06-28 09:12:22,045 autoreload 15481 140445931685696 Watching for file changes with StatReloader
INFO 2025-06-28 09:12:32,032 basehttp 15481 140445861541440 "POST /login/ HTTP/1.1" 200 2629
WARNING 2025-06-28 09:12:32,093 log 15481 140445861541440 Not Found: /login/style.css
WARNING 2025-06-28 09:12:32,093 basehttp 15481 140445861541440 "GET /login/style.css HTTP/1.1" 404 2723
INFO 2025-06-28 09:13:55,366 autoreload 15481 140445931685696 /home/copift/PycharmProjects/BibliographicSystem/BibliographicSystem/views.py changed, reloading.
INFO 2025-06-28 09:13:55,951 autoreload 15614 126544569820992 Watching for file changes with StatReloader
INFO 2025-06-28 09:14:03,135 autoreload 15629 135142984681280 Watching for file changes with StatReloader
INFO 2025-06-28 09:14:08,501 basehttp 15629 135142914037312 "POST /login/ HTTP/1.1" 200 2629
WARNING 2025-06-28 09:14:08,546 log 15629 135142914037312 Not Found: /login/style.css
WARNING 2025-06-28 09:14:08,547 basehttp 15629 135142914037312 "GET /login/style.css HTTP/1.1" 404 2723
INFO 2025-06-28 09:16:15,737 autoreload 15737 133009059473216 Watching for file changes with StatReloader
INFO 2025-06-28 09:16:20,564 basehttp 15737 133008989353536 "POST /login/ HTTP/1.1" 200 2629
WARNING 2025-06-28 09:16:20,624 log 15737 133008989353536 Not Found: /login/style.css
WARNING 2025-06-28 09:16:20,625 basehttp 15737 133008989353536 "GET /login/style.css HTTP/1.1" 404 2723
INFO 2025-06-28 09:16:37,251 autoreload 15737 133009059473216 /home/copift/PycharmProjects/BibliographicSystem/BibliographicSystem/views.py changed, reloading.
INFO 2025-06-28 09:16:37,931 autoreload 15774 128038458410816 Watching for file changes with StatReloader
INFO 2025-06-28 09:16:40,714 basehttp 15774 128038386964032 "POST /login/ HTTP/1.1" 200 2629
WARNING 2025-06-28 09:16:40,768 log 15774 128038386964032 Not Found: /login/style.css
WARNING 2025-06-28 09:16:40,769 basehttp 15774 128038386964032 "GET /login/style.css HTTP/1.1" 404 2723
INFO 2025-06-28 09:16:42,809 basehttp 15774 128038386964032 "POST /login/ HTTP/1.1" 200 2629
WARNING 2025-06-28 09:16:42,890 log 15774 128038386964032 Not Found: /login/style.css
WARNING 2025-06-28 09:16:42,890 basehttp 15774 128038386964032 "GET /login/style.css HTTP/1.1" 404 2723
INFO 2025-06-28 09:17:37,764 autoreload 15774 128038458410816 /home/copift/PycharmProjects/BibliographicSystem/BibliographicSystem/views.py changed, reloading.
